[2019-09-29 11:18:36.461] [exthost] [info] extension host started
[2019-09-29 11:18:36.533] [exthost] [info] ExtensionService#_doActivateExtension vscode.debug-auto-launch {"startup":true,"activationEvent":"*"}
[2019-09-29 11:18:36.533] [exthost] [info] ExtensionService#loadCommonJSModule file:///home/kizashi/Downloads/VSCode-linux-x64/resources/app/extensions/debug-auto-launch/dist/extension
[2019-09-29 11:18:36.540] [exthost] [info] ExtensionService#_doActivateExtension vscode.emmet {"startup":true,"activationEvent":"*"}
[2019-09-29 11:18:36.540] [exthost] [info] ExtensionService#loadCommonJSModule file:///home/kizashi/Downloads/VSCode-linux-x64/resources/app/extensions/emmet/dist/extension
[2019-09-29 11:18:36.564] [exthost] [info] ExtensionService#_doActivateExtension vscode.git {"startup":true,"activationEvent":"*"}
[2019-09-29 11:18:36.564] [exthost] [info] ExtensionService#loadCommonJSModule file:///home/kizashi/Downloads/VSCode-linux-x64/resources/app/extensions/git/dist/main
[2019-09-29 11:18:36.607] [exthost] [info] ExtensionService#_doActivateExtension vscode.merge-conflict {"startup":true,"activationEvent":"*"}
[2019-09-29 11:18:36.607] [exthost] [info] ExtensionService#loadCommonJSModule file:///home/kizashi/Downloads/VSCode-linux-x64/resources/app/extensions/merge-conflict/dist/extension
[2019-09-29 11:18:36.614] [exthost] [info] ExtensionService#_doActivateExtension vscodevim.vim {"startup":true,"activationEvent":"*"}
[2019-09-29 11:18:36.614] [exthost] [info] ExtensionService#loadCommonJSModule file:///home/kizashi/Downloads/VSCode-linux-x64/data/extensions/vscodevim.vim-1.10.2/out/extension
[2019-09-29 11:18:37.461] [exthost] [info] eager extensions activated
[2019-09-29 11:26:09.804] [exthost] [info] extension host started
[2019-09-29 11:26:09.817] [exthost] [info] ExtensionService#_doActivateExtension vscode.debug-auto-launch {"startup":true,"activationEvent":"*"}
[2019-09-29 11:26:09.817] [exthost] [info] ExtensionService#loadCommonJSModule file:///home/kizashi/Downloads/VSCode-linux-x64/resources/app/extensions/debug-auto-launch/dist/extension
[2019-09-29 11:26:09.822] [exthost] [info] ExtensionService#_doActivateExtension vscode.emmet {"startup":true,"activationEvent":"*"}
[2019-09-29 11:26:09.822] [exthost] [info] ExtensionService#loadCommonJSModule file:///home/kizashi/Downloads/VSCode-linux-x64/resources/app/extensions/emmet/dist/extension
[2019-09-29 11:26:09.856] [exthost] [info] ExtensionService#_doActivateExtension vscode.git {"startup":true,"activationEvent":"*"}
[2019-09-29 11:26:09.856] [exthost] [info] ExtensionService#loadCommonJSModule file:///home/kizashi/Downloads/VSCode-linux-x64/resources/app/extensions/git/dist/main
[2019-09-29 11:26:09.952] [exthost] [info] ExtensionService#_doActivateExtension vscode.merge-conflict {"startup":true,"activationEvent":"*"}
[2019-09-29 11:26:09.952] [exthost] [info] ExtensionService#loadCommonJSModule file:///home/kizashi/Downloads/VSCode-linux-x64/resources/app/extensions/merge-conflict/dist/extension
[2019-09-29 11:26:09.966] [exthost] [info] ExtensionService#_doActivateExtension vscodevim.vim {"startup":true,"activationEvent":"*"}
[2019-09-29 11:26:09.966] [exthost] [info] ExtensionService#loadCommonJSModule file:///home/kizashi/Downloads/VSCode-linux-x64/data/extensions/vscodevim.vim-1.10.2/out/extension
[2019-09-29 11:26:10.454] [exthost] [info] eager extensions activated
[2019-09-29 11:29:20.261] [exthost] [info] ExtensionService#_doActivateExtension vscode.configuration-editing {"startup":false,"activationEvent":"onLanguage:jsonc"}
[2019-09-29 11:29:20.261] [exthost] [info] ExtensionService#loadCommonJSModule file:///home/kizashi/Downloads/VSCode-linux-x64/resources/app/extensions/configuration-editing/dist/extension
[2019-09-29 11:29:20.268] [exthost] [info] ExtensionService#_doActivateExtension vscode.json-language-features {"startup":false,"activationEvent":"onLanguage:jsonc"}
[2019-09-29 11:29:20.268] [exthost] [info] ExtensionService#loadCommonJSModule file:///home/kizashi/Downloads/VSCode-linux-x64/resources/app/extensions/json-language-features/client/dist/jsonMain
[2019-09-29 11:29:20.341] [exthost] [info] ExtensionService#_doActivateExtension vscode.typescript-language-features {"startup":false,"activationEvent":"onLanguage:jsonc"}
[2019-09-29 11:29:20.341] [exthost] [info] ExtensionService#loadCommonJSModule file:///home/kizashi/Downloads/VSCode-linux-x64/resources/app/extensions/typescript-language-features/dist/extension
