[2019-09-29 15:25:26.988] [exthost] [info] extension host started
[2019-09-29 15:25:27.199] [exthost] [info] ExtensionService#_doActivateExtension vscode.debug-auto-launch {"startup":true,"activationEvent":"*"}
[2019-09-29 15:25:27.199] [exthost] [info] ExtensionService#loadCommonJSModule file:///home/kizashi/Downloads/VSCode-linux-x64/resources/app/extensions/debug-auto-launch/dist/extension
[2019-09-29 15:25:27.205] [exthost] [info] ExtensionService#_doActivateExtension vscode.emmet {"startup":true,"activationEvent":"*"}
[2019-09-29 15:25:27.205] [exthost] [info] ExtensionService#loadCommonJSModule file:///home/kizashi/Downloads/VSCode-linux-x64/resources/app/extensions/emmet/dist/extension
[2019-09-29 15:25:27.253] [exthost] [info] ExtensionService#_doActivateExtension vscode.git {"startup":true,"activationEvent":"*"}
[2019-09-29 15:25:27.253] [exthost] [info] ExtensionService#loadCommonJSModule file:///home/kizashi/Downloads/VSCode-linux-x64/resources/app/extensions/git/dist/main
[2019-09-29 15:25:27.330] [exthost] [info] ExtensionService#_doActivateExtension vscode.merge-conflict {"startup":true,"activationEvent":"*"}
[2019-09-29 15:25:27.330] [exthost] [info] ExtensionService#loadCommonJSModule file:///home/kizashi/Downloads/VSCode-linux-x64/resources/app/extensions/merge-conflict/dist/extension
[2019-09-29 15:25:27.338] [exthost] [info] ExtensionService#_doActivateExtension vscodevim.vim {"startup":true,"activationEvent":"*"}
[2019-09-29 15:25:27.338] [exthost] [info] ExtensionService#loadCommonJSModule file:///home/kizashi/Downloads/VSCode-linux-x64/data/extensions/vscodevim.vim-1.11.0/out/extension
[2019-09-29 15:25:27.526] [exthost] [info] eager extensions activated
[2019-09-29 15:27:15.244] [exthost] [info] extension host started
[2019-09-29 15:27:15.274] [exthost] [info] ExtensionService#_doActivateExtension vscode.debug-auto-launch {"startup":true,"activationEvent":"*"}
[2019-09-29 15:27:15.274] [exthost] [info] ExtensionService#loadCommonJSModule file:///home/kizashi/Downloads/VSCode-linux-x64/resources/app/extensions/debug-auto-launch/dist/extension
[2019-09-29 15:27:15.280] [exthost] [info] ExtensionService#_doActivateExtension vscode.emmet {"startup":true,"activationEvent":"*"}
[2019-09-29 15:27:15.280] [exthost] [info] ExtensionService#loadCommonJSModule file:///home/kizashi/Downloads/VSCode-linux-x64/resources/app/extensions/emmet/dist/extension
[2019-09-29 15:27:15.322] [exthost] [info] ExtensionService#_doActivateExtension vscode.git {"startup":true,"activationEvent":"*"}
[2019-09-29 15:27:15.323] [exthost] [info] ExtensionService#loadCommonJSModule file:///home/kizashi/Downloads/VSCode-linux-x64/resources/app/extensions/git/dist/main
[2019-09-29 15:27:15.404] [exthost] [info] ExtensionService#_doActivateExtension vscode.merge-conflict {"startup":true,"activationEvent":"*"}
[2019-09-29 15:27:15.404] [exthost] [info] ExtensionService#loadCommonJSModule file:///home/kizashi/Downloads/VSCode-linux-x64/resources/app/extensions/merge-conflict/dist/extension
[2019-09-29 15:27:15.406] [exthost] [info] ExtensionService#_doActivateExtension vscodevim.vim {"startup":true,"activationEvent":"*"}
[2019-09-29 15:27:15.406] [exthost] [info] ExtensionService#loadCommonJSModule file:///home/kizashi/Downloads/VSCode-linux-x64/data/extensions/vscodevim.vim-1.11.0/out/extension
[2019-09-29 15:27:15.618] [exthost] [info] eager extensions activated
[2019-09-29 15:43:49.453] [exthost] [info] ExtensionService#_doActivateExtension yzhang.markdown-all-in-one {"startup":false,"activationEvent":"workspaceContains:README.md"}
[2019-09-29 15:43:49.454] [exthost] [info] ExtensionService#loadCommonJSModule file:///home/kizashi/Downloads/VSCode-linux-x64/data/extensions/yzhang.markdown-all-in-one-2.4.2/dist/extension
[2019-09-29 15:44:25.108] [exthost] [info] ExtensionService#_doActivateExtension vscode.extension-editing {"startup":false,"activationEvent":"onLanguage:markdown"}
[2019-09-29 15:44:25.108] [exthost] [info] ExtensionService#loadCommonJSModule file:///home/kizashi/Downloads/VSCode-linux-x64/resources/app/extensions/extension-editing/dist/extension
[2019-09-29 15:44:25.273] [exthost] [info] ExtensionService#_doActivateExtension vscode.markdown-language-features {"startup":false,"activationEvent":"onLanguage:markdown"}
[2019-09-29 15:44:25.273] [exthost] [info] ExtensionService#loadCommonJSModule file:///home/kizashi/Downloads/VSCode-linux-x64/resources/app/extensions/markdown-language-features/dist/extension
